2018-03-16 23:32:13,322:INFO: Creating the datasets...
2018-03-16 23:32:13,345:WARNING: SparseFeature is a complicated feature config and should only be used after careful consideration of VarLenFeature.
2018-03-16 23:32:13,345:WARNING: SparseFeature is a complicated feature config and should only be used after careful consideration of VarLenFeature.
2018-03-16 23:32:13,587:WARNING: SparseFeature is a complicated feature config and should only be used after careful consideration of VarLenFeature.
2018-03-16 23:32:13,587:WARNING: SparseFeature is a complicated feature config and should only be used after careful consideration of VarLenFeature.
2018-03-16 23:32:13,820:INFO: - done.
2018-03-16 23:32:13,820:INFO: Creating the model...
2018-03-17 12:44:38,599:INFO: Creating the datasets...
2018-03-17 12:44:38,624:WARNING: SparseFeature is a complicated feature config and should only be used after careful consideration of VarLenFeature.
2018-03-17 12:44:38,624:WARNING: SparseFeature is a complicated feature config and should only be used after careful consideration of VarLenFeature.
2018-03-17 12:44:38,887:WARNING: SparseFeature is a complicated feature config and should only be used after careful consideration of VarLenFeature.
2018-03-17 12:44:38,887:WARNING: SparseFeature is a complicated feature config and should only be used after careful consideration of VarLenFeature.
2018-03-17 12:44:39,145:INFO: - done.
2018-03-17 12:44:39,145:INFO: Creating the model...
2018-03-17 12:49:50,279:INFO: Creating the datasets...
2018-03-17 12:49:50,300:WARNING: SparseFeature is a complicated feature config and should only be used after careful consideration of VarLenFeature.
2018-03-17 12:49:50,301:WARNING: SparseFeature is a complicated feature config and should only be used after careful consideration of VarLenFeature.
2018-03-17 12:49:50,544:WARNING: SparseFeature is a complicated feature config and should only be used after careful consideration of VarLenFeature.
2018-03-17 12:49:50,545:WARNING: SparseFeature is a complicated feature config and should only be used after careful consideration of VarLenFeature.
2018-03-17 12:49:50,788:INFO: - done.
2018-03-17 12:49:50,788:INFO: Creating the model...
2018-03-17 12:50:30,614:INFO: Creating the datasets...
2018-03-17 12:50:30,637:WARNING: SparseFeature is a complicated feature config and should only be used after careful consideration of VarLenFeature.
2018-03-17 12:50:30,638:WARNING: SparseFeature is a complicated feature config and should only be used after careful consideration of VarLenFeature.
2018-03-17 12:50:30,887:WARNING: SparseFeature is a complicated feature config and should only be used after careful consideration of VarLenFeature.
2018-03-17 12:50:30,888:WARNING: SparseFeature is a complicated feature config and should only be used after careful consideration of VarLenFeature.
2018-03-17 12:50:31,120:INFO: - done.
2018-03-17 12:50:31,120:INFO: Creating the model...
2018-03-17 12:50:32,921:INFO: - done.
2018-03-17 12:50:32,921:INFO: Starting training for 100 epoch(s)
2018-03-17 12:50:39,582:INFO: Epoch 1/100
