2018-03-19 16:18:10,063:INFO: Creating the datasets...
2018-03-19 16:18:10,084:WARNING: SparseFeature is a complicated feature config and should only be used after careful consideration of VarLenFeature.
2018-03-19 16:18:10,084:WARNING: SparseFeature is a complicated feature config and should only be used after careful consideration of VarLenFeature.
2018-03-19 16:18:10,330:WARNING: SparseFeature is a complicated feature config and should only be used after careful consideration of VarLenFeature.
2018-03-19 16:18:10,331:WARNING: SparseFeature is a complicated feature config and should only be used after careful consideration of VarLenFeature.
2018-03-19 16:18:10,569:INFO: - done.
2018-03-19 16:18:10,569:INFO: Creating the model...
2018-03-19 16:18:12,394:INFO: - done.
2018-03-19 16:18:12,394:INFO: Starting training for 100 epoch(s)
2018-03-19 16:18:19,246:INFO: Epoch 1/100
2018-03-19 16:32:26,715:INFO: Creating the datasets...
2018-03-19 16:32:26,734:WARNING: SparseFeature is a complicated feature config and should only be used after careful consideration of VarLenFeature.
2018-03-19 16:32:26,735:WARNING: SparseFeature is a complicated feature config and should only be used after careful consideration of VarLenFeature.
2018-03-19 16:32:26,986:WARNING: SparseFeature is a complicated feature config and should only be used after careful consideration of VarLenFeature.
2018-03-19 16:32:26,986:WARNING: SparseFeature is a complicated feature config and should only be used after careful consideration of VarLenFeature.
2018-03-19 16:32:27,219:INFO: - done.
2018-03-19 16:32:27,219:INFO: Creating the model...
2018-03-19 16:32:29,050:INFO: - done.
2018-03-19 16:32:29,050:INFO: Starting training for 100 epoch(s)
2018-03-19 16:32:35,725:INFO: Epoch 1/100
2018-03-19 16:32:38,499:INFO: - Train metrics: accuracy_top_5: 1.000 ; accuracy_top_3: 1.000 ; accuracy: 0.307 ; accuracy_top_10: 1.000 ; loss: 1.238
2018-03-19 16:33:20,577:INFO: Creating the datasets...
2018-03-19 16:33:20,596:WARNING: SparseFeature is a complicated feature config and should only be used after careful consideration of VarLenFeature.
2018-03-19 16:33:20,597:WARNING: SparseFeature is a complicated feature config and should only be used after careful consideration of VarLenFeature.
2018-03-19 16:33:20,847:WARNING: SparseFeature is a complicated feature config and should only be used after careful consideration of VarLenFeature.
2018-03-19 16:33:20,847:WARNING: SparseFeature is a complicated feature config and should only be used after careful consideration of VarLenFeature.
2018-03-19 16:33:21,071:INFO: - done.
2018-03-19 16:33:21,071:INFO: Creating the model...
2018-03-19 16:33:22,923:INFO: - done.
2018-03-19 16:33:22,923:INFO: Starting training for 100 epoch(s)
2018-03-19 16:33:29,789:INFO: Epoch 1/100
2018-03-19 16:33:32,450:INFO: - Train metrics: accuracy_top_5: 1.000 ; accuracy_top_3: 1.000 ; accuracy: 0.307 ; accuracy_top_10: 1.000 ; loss: 1.238
2018-03-19 16:34:12,817:INFO: Creating the datasets...
2018-03-19 16:34:12,837:WARNING: SparseFeature is a complicated feature config and should only be used after careful consideration of VarLenFeature.
2018-03-19 16:34:12,838:WARNING: SparseFeature is a complicated feature config and should only be used after careful consideration of VarLenFeature.
2018-03-19 16:34:13,080:WARNING: SparseFeature is a complicated feature config and should only be used after careful consideration of VarLenFeature.
2018-03-19 16:34:13,081:WARNING: SparseFeature is a complicated feature config and should only be used after careful consideration of VarLenFeature.
2018-03-19 16:34:13,306:INFO: - done.
2018-03-19 16:34:13,306:INFO: Creating the model...
2018-03-19 16:34:15,133:INFO: - done.
2018-03-19 16:34:15,133:INFO: Starting training for 100 epoch(s)
2018-03-19 16:34:21,891:INFO: Epoch 1/100
2018-03-19 16:34:24,521:INFO: - Train metrics: accuracy_top_5: 1.000 ; accuracy_top_3: 1.000 ; accuracy: 0.307 ; accuracy_top_10: 1.000 ; loss: 1.238
2018-03-19 16:34:26,382:INFO: - Eval metrics: accuracy_top_5: 1.000 ; accuracy_top_3: 1.000 ; accuracy: 0.367 ; accuracy_top_10: 1.000 ; loss: 1.099
2018-03-19 16:34:28,027:INFO: - Found new best accuracy, saving in experiments/selected_targets/best_weights/after-epoch-1
2018-03-19 16:34:28,028:INFO: Epoch 2/100
2018-03-19 16:34:30,386:INFO: - Train metrics: accuracy_top_5: 1.000 ; accuracy_top_3: 1.000 ; accuracy: 0.329 ; accuracy_top_10: 1.000 ; loss: 1.224
2018-03-19 16:34:32,185:INFO: - Eval metrics: accuracy_top_5: 1.000 ; accuracy_top_3: 1.000 ; accuracy: 0.433 ; accuracy_top_10: 1.000 ; loss: 1.093
2018-03-19 16:34:33,837:INFO: - Found new best accuracy, saving in experiments/selected_targets/best_weights/after-epoch-2
2018-03-19 16:34:33,838:INFO: Epoch 3/100
2018-03-19 16:34:36,408:INFO: - Train metrics: accuracy_top_5: 1.000 ; accuracy_top_3: 1.000 ; accuracy: 0.377 ; accuracy_top_10: 1.000 ; loss: 1.212
2018-03-19 16:34:38,267:INFO: - Eval metrics: accuracy_top_5: 1.000 ; accuracy_top_3: 1.000 ; accuracy: 0.500 ; accuracy_top_10: 1.000 ; loss: 1.087
2018-03-19 16:34:39,818:INFO: - Found new best accuracy, saving in experiments/selected_targets/best_weights/after-epoch-3
2018-03-19 16:34:39,819:INFO: Epoch 4/100
2018-03-19 16:34:42,255:INFO: - Train metrics: accuracy_top_5: 1.000 ; accuracy_top_3: 1.000 ; accuracy: 0.421 ; accuracy_top_10: 1.000 ; loss: 1.200
2018-03-19 16:34:43,995:INFO: - Eval metrics: accuracy_top_5: 1.000 ; accuracy_top_3: 1.000 ; accuracy: 0.500 ; accuracy_top_10: 1.000 ; loss: 1.082
2018-03-19 16:34:45,755:INFO: - Found new best accuracy, saving in experiments/selected_targets/best_weights/after-epoch-4
2018-03-19 16:34:45,756:INFO: Epoch 5/100
2018-03-19 16:34:48,261:INFO: - Train metrics: accuracy_top_5: 1.000 ; accuracy_top_3: 1.000 ; accuracy: 0.474 ; accuracy_top_10: 1.000 ; loss: 1.188
2018-03-19 16:34:50,034:INFO: - Eval metrics: accuracy_top_5: 1.000 ; accuracy_top_3: 1.000 ; accuracy: 0.500 ; accuracy_top_10: 1.000 ; loss: 1.076
2018-03-19 16:34:51,547:INFO: - Found new best accuracy, saving in experiments/selected_targets/best_weights/after-epoch-5
2018-03-19 16:34:51,548:INFO: Epoch 6/100
2018-03-19 16:34:54,024:INFO: - Train metrics: accuracy_top_5: 1.000 ; accuracy_top_3: 1.000 ; accuracy: 0.509 ; accuracy_top_10: 1.000 ; loss: 1.176
2018-03-19 16:34:55,897:INFO: - Eval metrics: accuracy_top_5: 1.000 ; accuracy_top_3: 1.000 ; accuracy: 0.467 ; accuracy_top_10: 1.000 ; loss: 1.070
2018-03-19 16:34:55,899:INFO: Epoch 7/100
2018-03-19 16:34:58,287:INFO: - Train metrics: accuracy_top_5: 1.000 ; accuracy_top_3: 1.000 ; accuracy: 0.535 ; accuracy_top_10: 1.000 ; loss: 1.162
2018-03-19 16:34:59,933:INFO: - Eval metrics: accuracy_top_5: 1.000 ; accuracy_top_3: 1.000 ; accuracy: 0.433 ; accuracy_top_10: 1.000 ; loss: 1.061
2018-03-19 16:34:59,935:INFO: Epoch 8/100
2018-03-19 16:35:02,332:INFO: - Train metrics: accuracy_top_5: 1.000 ; accuracy_top_3: 1.000 ; accuracy: 0.561 ; accuracy_top_10: 1.000 ; loss: 1.145
2018-03-19 16:35:04,200:INFO: - Eval metrics: accuracy_top_5: 1.000 ; accuracy_top_3: 1.000 ; accuracy: 0.567 ; accuracy_top_10: 1.000 ; loss: 1.050
2018-03-19 16:35:05,893:INFO: - Found new best accuracy, saving in experiments/selected_targets/best_weights/after-epoch-8
2018-03-19 16:35:05,894:INFO: Epoch 9/100
2018-03-19 16:35:08,360:INFO: - Train metrics: accuracy_top_5: 1.000 ; accuracy_top_3: 1.000 ; accuracy: 0.592 ; accuracy_top_10: 1.000 ; loss: 1.122
2018-03-19 16:35:10,031:INFO: - Eval metrics: accuracy_top_5: 1.000 ; accuracy_top_3: 1.000 ; accuracy: 0.567 ; accuracy_top_10: 1.000 ; loss: 1.029
2018-03-19 16:35:11,746:INFO: - Found new best accuracy, saving in experiments/selected_targets/best_weights/after-epoch-9
2018-03-19 16:35:11,747:INFO: Epoch 10/100
2018-03-19 16:35:14,114:INFO: - Train metrics: accuracy_top_5: 1.000 ; accuracy_top_3: 1.000 ; accuracy: 0.601 ; accuracy_top_10: 1.000 ; loss: 1.083
2018-03-19 16:35:15,902:INFO: - Eval metrics: accuracy_top_5: 1.000 ; accuracy_top_3: 1.000 ; accuracy: 0.667 ; accuracy_top_10: 1.000 ; loss: 0.979
2018-03-19 16:35:17,477:INFO: - Found new best accuracy, saving in experiments/selected_targets/best_weights/after-epoch-10
2018-03-19 16:35:17,477:INFO: Epoch 11/100
2018-03-19 16:35:19,869:INFO: - Train metrics: accuracy_top_5: 1.000 ; accuracy_top_3: 1.000 ; accuracy: 0.614 ; accuracy_top_10: 1.000 ; loss: 0.997
2018-03-19 16:35:21,692:INFO: - Eval metrics: accuracy_top_5: 1.000 ; accuracy_top_3: 1.000 ; accuracy: 0.700 ; accuracy_top_10: 1.000 ; loss: 0.858
2018-03-19 16:35:23,375:INFO: - Found new best accuracy, saving in experiments/selected_targets/best_weights/after-epoch-11
2018-03-19 16:35:23,376:INFO: Epoch 12/100
2018-03-19 16:35:25,927:INFO: - Train metrics: accuracy_top_5: 1.000 ; accuracy_top_3: 1.000 ; accuracy: 0.645 ; accuracy_top_10: 1.000 ; loss: 0.914
2018-03-19 16:35:27,545:INFO: - Eval metrics: accuracy_top_5: 1.000 ; accuracy_top_3: 1.000 ; accuracy: 0.567 ; accuracy_top_10: 1.000 ; loss: 0.851
2018-03-19 16:35:27,547:INFO: Epoch 13/100
2018-03-19 16:35:29,978:INFO: - Train metrics: accuracy_top_5: 1.000 ; accuracy_top_3: 1.000 ; accuracy: 0.678 ; accuracy_top_10: 1.000 ; loss: 0.859
2018-03-19 16:35:31,799:INFO: - Eval metrics: accuracy_top_5: 1.000 ; accuracy_top_3: 1.000 ; accuracy: 0.667 ; accuracy_top_10: 1.000 ; loss: 0.804
2018-03-19 16:35:31,801:INFO: Epoch 14/100
2018-03-19 16:35:34,143:INFO: - Train metrics: accuracy_top_5: 1.000 ; accuracy_top_3: 1.000 ; accuracy: 0.726 ; accuracy_top_10: 1.000 ; loss: 0.817
2018-03-19 16:35:35,938:INFO: - Eval metrics: accuracy_top_5: 1.000 ; accuracy_top_3: 1.000 ; accuracy: 0.633 ; accuracy_top_10: 1.000 ; loss: 0.767
2018-03-19 16:35:35,940:INFO: Epoch 15/100
2018-03-19 16:35:38,361:INFO: - Train metrics: accuracy_top_5: 1.000 ; accuracy_top_3: 1.000 ; accuracy: 0.664 ; accuracy_top_10: 1.000 ; loss: 0.868
2018-03-19 16:35:40,007:INFO: - Eval metrics: accuracy_top_5: 1.000 ; accuracy_top_3: 1.000 ; accuracy: 0.600 ; accuracy_top_10: 1.000 ; loss: 0.769
2018-03-19 16:35:40,009:INFO: Epoch 16/100
2018-03-19 16:35:42,493:INFO: - Train metrics: accuracy_top_5: 1.000 ; accuracy_top_3: 1.000 ; accuracy: 0.693 ; accuracy_top_10: 1.000 ; loss: 0.794
2018-03-19 16:35:44,576:INFO: - Eval metrics: accuracy_top_5: 1.000 ; accuracy_top_3: 1.000 ; accuracy: 0.767 ; accuracy_top_10: 1.000 ; loss: 0.768
2018-03-19 16:35:46,458:INFO: - Found new best accuracy, saving in experiments/selected_targets/best_weights/after-epoch-16
2018-03-19 16:35:46,459:INFO: Epoch 17/100
2018-03-19 16:35:49,054:INFO: - Train metrics: accuracy_top_5: 1.000 ; accuracy_top_3: 1.000 ; accuracy: 0.822 ; accuracy_top_10: 1.000 ; loss: 0.748
2018-03-19 16:35:50,909:INFO: - Eval metrics: accuracy_top_5: 1.000 ; accuracy_top_3: 1.000 ; accuracy: 0.700 ; accuracy_top_10: 1.000 ; loss: 0.761
2018-03-19 16:35:50,911:INFO: Epoch 18/100
2018-03-19 16:35:53,611:INFO: - Train metrics: accuracy_top_5: 1.000 ; accuracy_top_3: 1.000 ; accuracy: 0.774 ; accuracy_top_10: 1.000 ; loss: 0.679
2018-03-19 16:35:55,600:INFO: - Eval metrics: accuracy_top_5: 1.000 ; accuracy_top_3: 1.000 ; accuracy: 0.600 ; accuracy_top_10: 1.000 ; loss: 0.735
2018-03-19 16:35:55,602:INFO: Epoch 19/100
2018-03-19 16:35:58,167:INFO: - Train metrics: accuracy_top_5: 1.000 ; accuracy_top_3: 1.000 ; accuracy: 0.750 ; accuracy_top_10: 1.000 ; loss: 0.647
2018-03-19 16:36:00,058:INFO: - Eval metrics: accuracy_top_5: 1.000 ; accuracy_top_3: 1.000 ; accuracy: 0.700 ; accuracy_top_10: 1.000 ; loss: 0.692
2018-03-19 16:36:00,060:INFO: Epoch 20/100
2018-03-19 16:36:02,552:INFO: - Train metrics: accuracy_top_5: 1.000 ; accuracy_top_3: 1.000 ; accuracy: 0.831 ; accuracy_top_10: 1.000 ; loss: 0.591
2018-03-19 16:36:04,297:INFO: - Eval metrics: accuracy_top_5: 1.000 ; accuracy_top_3: 1.000 ; accuracy: 0.767 ; accuracy_top_10: 1.000 ; loss: 0.630
2018-03-19 16:36:06,289:INFO: - Found new best accuracy, saving in experiments/selected_targets/best_weights/after-epoch-20
2018-03-19 16:36:06,290:INFO: Epoch 21/100
2018-03-19 16:36:09,014:INFO: - Train metrics: accuracy_top_5: 1.000 ; accuracy_top_3: 1.000 ; accuracy: 0.836 ; accuracy_top_10: 1.000 ; loss: 0.545
2018-03-19 16:36:10,910:INFO: - Eval metrics: accuracy_top_5: 1.000 ; accuracy_top_3: 1.000 ; accuracy: 0.667 ; accuracy_top_10: 1.000 ; loss: 0.699
2018-03-19 16:36:10,912:INFO: Epoch 22/100
2018-03-19 16:36:13,472:INFO: - Train metrics: accuracy_top_5: 1.000 ; accuracy_top_3: 1.000 ; accuracy: 0.818 ; accuracy_top_10: 1.000 ; loss: 0.542
2018-03-19 16:36:15,227:INFO: - Eval metrics: accuracy_top_5: 1.000 ; accuracy_top_3: 1.000 ; accuracy: 0.733 ; accuracy_top_10: 1.000 ; loss: 0.557
2018-03-19 16:36:15,229:INFO: Epoch 23/100
2018-03-19 16:36:18,032:INFO: - Train metrics: accuracy_top_5: 1.000 ; accuracy_top_3: 1.000 ; accuracy: 0.851 ; accuracy_top_10: 1.000 ; loss: 0.508
2018-03-19 16:36:20,003:INFO: - Eval metrics: accuracy_top_5: 1.000 ; accuracy_top_3: 1.000 ; accuracy: 0.733 ; accuracy_top_10: 1.000 ; loss: 0.658
2018-03-19 16:36:20,005:INFO: Epoch 24/100
2018-03-19 16:36:22,590:INFO: - Train metrics: accuracy_top_5: 1.000 ; accuracy_top_3: 1.000 ; accuracy: 0.840 ; accuracy_top_10: 1.000 ; loss: 0.501
2018-03-19 16:36:24,499:INFO: - Eval metrics: accuracy_top_5: 1.000 ; accuracy_top_3: 1.000 ; accuracy: 0.833 ; accuracy_top_10: 1.000 ; loss: 0.589
2018-03-19 16:36:26,185:INFO: - Found new best accuracy, saving in experiments/selected_targets/best_weights/after-epoch-24
2018-03-19 16:36:26,185:INFO: Epoch 25/100
2018-03-19 16:36:28,795:INFO: - Train metrics: accuracy_top_5: 1.000 ; accuracy_top_3: 1.000 ; accuracy: 0.849 ; accuracy_top_10: 1.000 ; loss: 0.488
2018-03-19 16:36:30,785:INFO: - Eval metrics: accuracy_top_5: 1.000 ; accuracy_top_3: 1.000 ; accuracy: 0.767 ; accuracy_top_10: 1.000 ; loss: 0.636
2018-03-19 16:36:30,788:INFO: Epoch 26/100
2018-03-19 16:36:33,474:INFO: - Train metrics: accuracy_top_5: 1.000 ; accuracy_top_3: 1.000 ; accuracy: 0.879 ; accuracy_top_10: 1.000 ; loss: 0.460
2018-03-19 16:36:35,241:INFO: - Eval metrics: accuracy_top_5: 1.000 ; accuracy_top_3: 1.000 ; accuracy: 0.800 ; accuracy_top_10: 1.000 ; loss: 0.543
2018-03-19 16:36:35,243:INFO: Epoch 27/100
2018-03-19 16:36:37,843:INFO: - Train metrics: accuracy_top_5: 1.000 ; accuracy_top_3: 1.000 ; accuracy: 0.868 ; accuracy_top_10: 1.000 ; loss: 0.457
2018-03-19 16:36:39,469:INFO: - Eval metrics: accuracy_top_5: 1.000 ; accuracy_top_3: 1.000 ; accuracy: 0.733 ; accuracy_top_10: 1.000 ; loss: 0.664
2018-03-19 16:36:39,471:INFO: Epoch 28/100
2018-03-19 16:36:41,841:INFO: - Train metrics: accuracy_top_5: 1.000 ; accuracy_top_3: 1.000 ; accuracy: 0.851 ; accuracy_top_10: 1.000 ; loss: 0.467
2018-03-19 16:36:43,607:INFO: - Eval metrics: accuracy_top_5: 1.000 ; accuracy_top_3: 1.000 ; accuracy: 0.833 ; accuracy_top_10: 1.000 ; loss: 0.561
2018-03-19 16:36:45,241:INFO: - Found new best accuracy, saving in experiments/selected_targets/best_weights/after-epoch-28
2018-03-19 16:36:45,242:INFO: Epoch 29/100
2018-03-19 16:36:47,632:INFO: - Train metrics: accuracy_top_5: 1.000 ; accuracy_top_3: 1.000 ; accuracy: 0.875 ; accuracy_top_10: 1.000 ; loss: 0.435
2018-03-19 16:36:49,277:INFO: - Eval metrics: accuracy_top_5: 1.000 ; accuracy_top_3: 1.000 ; accuracy: 0.767 ; accuracy_top_10: 1.000 ; loss: 0.606
2018-03-19 16:36:49,279:INFO: Epoch 30/100
2018-03-19 16:36:51,603:INFO: - Train metrics: accuracy_top_5: 1.000 ; accuracy_top_3: 1.000 ; accuracy: 0.886 ; accuracy_top_10: 1.000 ; loss: 0.423
2018-03-19 16:36:53,478:INFO: - Eval metrics: accuracy_top_5: 1.000 ; accuracy_top_3: 1.000 ; accuracy: 0.867 ; accuracy_top_10: 1.000 ; loss: 0.541
2018-03-19 16:36:55,162:INFO: - Found new best accuracy, saving in experiments/selected_targets/best_weights/after-epoch-30
2018-03-19 16:36:55,163:INFO: Epoch 31/100
2018-03-19 16:36:57,523:INFO: - Train metrics: accuracy_top_5: 1.000 ; accuracy_top_3: 1.000 ; accuracy: 0.877 ; accuracy_top_10: 1.000 ; loss: 0.417
2018-03-19 16:36:59,137:INFO: - Eval metrics: accuracy_top_5: 1.000 ; accuracy_top_3: 1.000 ; accuracy: 0.733 ; accuracy_top_10: 1.000 ; loss: 0.659
2018-03-19 16:36:59,139:INFO: Epoch 32/100
2018-03-19 16:37:01,585:INFO: - Train metrics: accuracy_top_5: 1.000 ; accuracy_top_3: 1.000 ; accuracy: 0.820 ; accuracy_top_10: 1.000 ; loss: 0.493
2018-03-19 16:37:03,591:INFO: - Eval metrics: accuracy_top_5: 1.000 ; accuracy_top_3: 1.000 ; accuracy: 0.733 ; accuracy_top_10: 1.000 ; loss: 0.578
2018-03-19 16:37:03,595:INFO: Epoch 33/100
2018-03-19 16:37:06,307:INFO: - Train metrics: accuracy_top_5: 1.000 ; accuracy_top_3: 1.000 ; accuracy: 0.879 ; accuracy_top_10: 1.000 ; loss: 0.429
2018-03-19 16:37:08,059:INFO: - Eval metrics: accuracy_top_5: 1.000 ; accuracy_top_3: 1.000 ; accuracy: 0.733 ; accuracy_top_10: 1.000 ; loss: 0.570
2018-03-19 16:37:08,061:INFO: Epoch 34/100
2018-03-19 16:37:10,432:INFO: - Train metrics: accuracy_top_5: 1.000 ; accuracy_top_3: 1.000 ; accuracy: 0.875 ; accuracy_top_10: 1.000 ; loss: 0.410
2018-03-19 16:37:12,152:INFO: - Eval metrics: accuracy_top_5: 1.000 ; accuracy_top_3: 1.000 ; accuracy: 0.700 ; accuracy_top_10: 1.000 ; loss: 0.646
2018-03-19 16:37:12,154:INFO: Epoch 35/100
2018-03-19 16:37:14,515:INFO: - Train metrics: accuracy_top_5: 1.000 ; accuracy_top_3: 1.000 ; accuracy: 0.877 ; accuracy_top_10: 1.000 ; loss: 0.406
2018-03-19 16:37:16,453:INFO: - Eval metrics: accuracy_top_5: 1.000 ; accuracy_top_3: 1.000 ; accuracy: 0.800 ; accuracy_top_10: 1.000 ; loss: 0.575
2018-03-19 16:37:16,456:INFO: Epoch 36/100
2018-03-19 16:37:19,114:INFO: - Train metrics: accuracy_top_5: 1.000 ; accuracy_top_3: 1.000 ; accuracy: 0.912 ; accuracy_top_10: 1.000 ; loss: 0.380
2018-03-19 16:37:20,907:INFO: - Eval metrics: accuracy_top_5: 1.000 ; accuracy_top_3: 1.000 ; accuracy: 0.767 ; accuracy_top_10: 1.000 ; loss: 0.546
2018-03-19 16:37:20,908:INFO: Epoch 37/100
2018-03-19 16:37:23,254:INFO: - Train metrics: accuracy_top_5: 1.000 ; accuracy_top_3: 1.000 ; accuracy: 0.908 ; accuracy_top_10: 1.000 ; loss: 0.357
2018-03-19 16:37:24,968:INFO: - Eval metrics: accuracy_top_5: 1.000 ; accuracy_top_3: 1.000 ; accuracy: 0.800 ; accuracy_top_10: 1.000 ; loss: 0.566
2018-03-19 16:37:24,970:INFO: Epoch 38/100
2018-03-19 16:37:27,567:INFO: - Train metrics: accuracy_top_5: 1.000 ; accuracy_top_3: 1.000 ; accuracy: 0.908 ; accuracy_top_10: 1.000 ; loss: 0.352
2018-03-19 16:37:29,427:INFO: - Eval metrics: accuracy_top_5: 1.000 ; accuracy_top_3: 1.000 ; accuracy: 0.767 ; accuracy_top_10: 1.000 ; loss: 0.531
2018-03-19 16:37:29,429:INFO: Epoch 39/100
2018-03-19 16:37:31,743:INFO: - Train metrics: accuracy_top_5: 1.000 ; accuracy_top_3: 1.000 ; accuracy: 0.904 ; accuracy_top_10: 1.000 ; loss: 0.351
2018-03-19 16:37:33,523:INFO: - Eval metrics: accuracy_top_5: 1.000 ; accuracy_top_3: 1.000 ; accuracy: 0.800 ; accuracy_top_10: 1.000 ; loss: 0.556
2018-03-19 16:37:33,525:INFO: Epoch 40/100
2018-03-19 16:37:36,062:INFO: - Train metrics: accuracy_top_5: 1.000 ; accuracy_top_3: 1.000 ; accuracy: 0.914 ; accuracy_top_10: 1.000 ; loss: 0.346
2018-03-19 16:37:37,746:INFO: - Eval metrics: accuracy_top_5: 1.000 ; accuracy_top_3: 1.000 ; accuracy: 0.733 ; accuracy_top_10: 1.000 ; loss: 0.546
2018-03-19 16:37:37,747:INFO: Epoch 41/100
2018-03-19 16:37:40,137:INFO: - Train metrics: accuracy_top_5: 1.000 ; accuracy_top_3: 1.000 ; accuracy: 0.919 ; accuracy_top_10: 1.000 ; loss: 0.332
2018-03-19 16:37:41,995:INFO: - Eval metrics: accuracy_top_5: 1.000 ; accuracy_top_3: 1.000 ; accuracy: 0.767 ; accuracy_top_10: 1.000 ; loss: 0.568
2018-03-19 16:37:41,997:INFO: Epoch 42/100
